0 info it worked if it ends with ok
1 verbose cli [ '/usr/local/bin/node', '/usr/local/bin/npm', 'start' ]
2 info using npm@3.10.10
3 info using node@v6.11.1
4 verbose run-script [ 'prestart', 'start', 'poststart' ]
5 info lifecycle blackjack@0.1.0~prestart: blackjack@0.1.0
6 silly lifecycle blackjack@0.1.0~prestart: no script for prestart, continuing
7 info lifecycle blackjack@0.1.0~start: blackjack@0.1.0
8 verbose lifecycle blackjack@0.1.0~start: unsafe-perm in lifecycle true
9 verbose lifecycle blackjack@0.1.0~start: PATH: /usr/local/lib/node_modules/npm/bin/node-gyp-bin:/Users/rabby/PersonalProjects/test/BlackJackTest/node_modules/.bin:/Users/rabby/Workspace/UnleashTools/bin:/Users/rabby/Workspace/Touch_Tools/bin:/usr/local/bin:/Users/rabby/Developer/SDKs/android-sdk-macosx/tools:/Users/rabby/Developer/SDKs/android-sdk-macosx/platform-tools:/Users/rabby/Developer/lib/apache-ant-1.9.3/bin:/usr/local/apache-maven/apache-maven-3.3.9/bin:/Users/rabby/Perforce/c-abbyr/:./:/usr/local/lib/node_modules:/Users/rabby/PersonalProjects/Mongo/mongodb-osx-x86_64-3.4.7/bin:/usr/local/bin:/usr/bin:/bin:/usr/sbin:/sbin
10 verbose lifecycle blackjack@0.1.0~start: CWD: /Users/rabby/PersonalProjects/test/BlackJackTest
11 silly lifecycle blackjack@0.1.0~start: Args: [ '-c', 'react-scripts start' ]
12 info lifecycle blackjack@0.1.0~start: Failed to exec start script
13 verbose stack Error: blackjack@0.1.0 start: `react-scripts start`
13 verbose stack spawn ENOENT
13 verbose stack     at ChildProcess.<anonymous> (/usr/local/lib/node_modules/npm/lib/utils/spawn.js:33:16)
13 verbose stack     at emitTwo (events.js:106:13)
13 verbose stack     at ChildProcess.emit (events.js:191:7)
13 verbose stack     at maybeClose (internal/child_process.js:891:16)
13 verbose stack     at Process.ChildProcess._handle.onexit (internal/child_process.js:226:5)
14 verbose pkgid blackjack@0.1.0
15 verbose cwd /Users/rabby/PersonalProjects/test/BlackJackTest/src
16 error Darwin 14.5.0
17 error argv "/usr/local/bin/node" "/usr/local/bin/npm" "start"
18 error node v6.11.1
19 error npm  v3.10.10
20 error file sh
21 error code ELIFECYCLE
22 error errno ENOENT
23 error syscall spawn
24 error blackjack@0.1.0 start: `react-scripts start`
24 error spawn ENOENT
25 error Failed at the blackjack@0.1.0 start script 'react-scripts start'.
25 error Make sure you have the latest version of node.js and npm installed.
25 error If you do, this is most likely a problem with the blackjack package,
25 error not with npm itself.
25 error Tell the author that this fails on your system:
25 error     react-scripts start
25 error You can get information on how to open an issue for this project with:
25 error     npm bugs blackjack
25 error Or if that isn't available, you can get their info via:
25 error     npm owner ls blackjack
25 error There is likely additional logging output above.
26 verbose exit [ 1, true ]
